<?xml version="1.0" encoding="UTF-8"?>
<!-- Generated by org.testng.reporters.JUnitXMLReporter -->
<testsuite hostname="RIPLBRD50" ignored="0" name="Default test" tests="8" failures="0" timestamp="25 Dec 2017 10:11:57 GMT" time="0.19" errors="0">
  <testcase name="ParellelTest1" time="0.016" classname="TestNgExample.ParellalTestExample"/>
  <testcase name="ParellelTest1" time="0.016" classname="TestNgExample.ParellalTestExample"/>
  <testcase name="ParellelTest2" time="0.0" classname="TestNgExample.ParellalTestExample"/>
  <testcase name="ParellelTest2" time="0.0" classname="TestNgExample.ParellalTestExample"/>
  <testcase name="ParellelTest3" time="0.0" classname="TestNgExample.ParellalTestExample"/>
  <testcase name="ParellelTest3" time="0.0" classname="TestNgExample.ParellalTestExample"/>
  <testcase name="ParellelTest4" time="0.016" classname="TestNgExample.ParellalTestExample"/>
  <testcase name="ParellelTest4" time="0.016" classname="TestNgExample.ParellalTestExample"/>
</testsuite> <!-- Default test -->
