<?xml version="1.0" encoding="UTF-8"?>
<!-- Generated by org.testng.reporters.JUnitXMLReporter -->
<testsuite hostname="RIPLBRD50" ignored="2" name="Group_test" tests="2" failures="0" timestamp="12 Dec 2017 11:33:51 GMT" time="0.028" errors="0">
  <testcase name="test1" time="0.009" classname="ExcelReaderTest.GroupTestExample"/>
  <testcase name="test3" time="0.002" classname="ExcelReaderTest.GroupTestExample"/>
  <testcase name="test4" time="0.0" classname="ExcelReaderTest.GroupTestExample">
    <ignored/>
  </testcase> <!-- test4 -->
  <testcase name="test2" time="0.0" classname="ExcelReaderTest.GroupTestExample">
    <ignored/>
  </testcase> <!-- test2 -->
</testsuite> <!-- Group_test -->
