<?xml version="1.0" encoding="UTF-8"?>
<!-- Generated by org.testng.reporters.JUnitXMLReporter -->
<testsuite hostname="RIPLBRD50" ignored="0" name="Regression_test" tests="4" failures="0" timestamp="12 Dec 2017 11:57:45 GMT" time="0.03" errors="0">
  <testcase name="Regressiontest1" time="0.008" classname="TestNgExample.GroupTestExample"/>
  <testcase name="Regressiontest3" time="0.001" classname="TestNgExample.GroupTestExample"/>
  <testcase name="smoketest2" time="0.001" classname="TestNgExample.GroupTestExample"/>
  <testcase name="smoketest4" time="0.0" classname="TestNgExample.GroupTestExample"/>
</testsuite> <!-- Regression_test -->
